<?xml version="1.0" encoding="utf-8"?><testsuites name="pytest tests"><testsuite name="pytest" errors="0" failures="0" skipped="0" tests="51" time="8.034" timestamp="2026-07-15T16:36:41.987581+00:00" hostname="agent-env-44f297ec-69b5-441a-918e-6904675c208f"><testcase classname="tests.test_iteration2.TestBlogs" name="test_list_blogs_returns_5" time="0.238" /><testcase classname="tests.backend_test.TestRBAC" name="test_audit_log_requires_admin" time="0.312" /><testcase classname="tests.test_iteration2.TestBlogs" name="test_categories_present" time="0.109" /><testcase classname="tests.test_iteration2.TestBlogs" name="test_filter_by_category" time="0.114" /><testcase classname="tests.test_iteration2.TestBlogs" name="test_get_blog_by_slug_full_body" time="0.355" /><testcase classname="tests.test_iteration2.TestBlogs" name="test_get_blog_not_found" time="0.264" /><testcase classname="tests.backend_test.TestRBAC" name="test_audit_log_learner_forbidden" time="2.630" /><testcase classname="tests.backend_test.TestRBAC" name="test_audit_log_admin_ok" time="0.329" /><testcase classname="tests.backend_test.TestAuth" name="test_all_seeded_logins" time="2.188" /><testcase classname="tests.backend_test.TestAuth" name="test_login_invalid" time="0.326" /><testcase classname="tests.backend_test.TestRBAC" name="test_users_list_admin" time="0.327" /><testcase classname="tests.backend_test.TestAuth" name="test_register_and_me" time="0.434" /><testcase classname="tests.backend_test.TestRBAC" name="test_users_list_learner_forbidden" time="0.328" /><testcase classname="tests.backend_test.TestRBAC" name="test_admin_cannot_appoint_superadmin" time="0.116" /><testcase classname="tests.backend_test.TestAuth" name="test_register_duplicate" time="0.101" /><testcase classname="tests.backend_test.TestOfferings" name="test_list_offerings" time="0.105" /><testcase classname="tests.backend_test.TestAuth" name="test_me_requires_auth" time="0.108" /><testcase classname="tests.backend_test.TestOfferings" name="test_filter_by_type" time="0.139" /><testcase classname="tests.backend_test.TestCalculators" name="test_panchang" time="0.145" /><testcase classname="tests.backend_test.TestOfferings" name="test_filter_by_track" time="0.111" /><testcase classname="tests.backend_test.TestCalculators" name="test_numerology" time="0.103" /><testcase classname="tests.backend_test.TestOfferings" name="test_get_offering_with_acharya_and_verses" time="0.351" /><testcase classname="tests.backend_test.TestCalculators" name="test_kundli" time="0.112" /><testcase classname="tests.backend_test.TestCalculators" name="test_transliteration" time="0.104" /><testcase classname="tests.test_iteration2.TestRamShalaka" name="test_ram_shalaka_answers" time="0.110" /><testcase classname="tests.test_iteration2.TestTarot" name="test_tarot_spread" time="0.126" /><testcase classname="tests.test_iteration2.TestRamShalaka" name="test_ram_shalaka_empty_rejects" time="0.122" /><testcase classname="tests.test_iteration2.TestTarot" name="test_tarot_empty_question_ok" time="0.106" /><testcase classname="tests.test_iteration2.TestRamShalaka" name="test_ram_shalaka_missing_field" time="0.108" /><testcase classname="tests.test_iteration2.TestTarot" name="test_tarot_deterministic_same_question" time="0.848" /><testcase classname="tests.backend_test.TestConsultation" name="test_reject_no_consent" time="0.152" /><testcase classname="tests.backend_test.TestConsultation" name="test_submit_assigns_staff" time="0.107" /><testcase classname="tests.backend_test.TestConsultation" name="test_load_balancing_two_requests" time="0.130" /><testcase classname="tests.backend_test.TestCommunity" name="test_list_public" time="0.102" /><testcase classname="tests.backend_test.TestCommunity" name="test_post_requires_auth" time="0.102" /><testcase classname="tests.backend_test.TestCommunity" name="test_post_ok" time="0.119" /><testcase classname="tests.test_iteration2.TestWebinars" name="test_list_webinars" time="0.108" /><testcase classname="tests.backend_test.TestCertificates" name="test_verify_not_found" time="0.118" /><testcase classname="tests.test_iteration2.TestWebinars" name="test_sorted_ascending" time="0.100" /><testcase classname="tests.backend_test.TestCertificates" name="test_issue_and_verify" time="0.332" /><testcase classname="tests.test_iteration2.TestMentors" name="test_list_mentors" time="0.104" /><testcase classname="tests.test_iteration2.TestMentors" name="test_sorted_by_order" time="0.106" /><testcase classname="tests.backend_test.TestLiveSessions" name="test_upcoming" time="0.159" /><testcase classname="tests.backend_test.TestCertificates" name="test_verify_public_no_auth" time="0.120" /><testcase classname="tests.backend_test.TestLiveSessions" name="test_join_mocked" time="0.284" /><testcase classname="tests.backend_test.TestVerses" name="test_list" time="0.107" /><testcase classname="tests.backend_test.TestVerses" name="test_shloka_of_day" time="0.114" /><testcase classname="tests.test_iteration2.TestTestimonials" name="test_list_testimonials" time="0.104" /><testcase classname="tests.backend_test.TestSadhana" name="test_sadhana_flow" time="0.676" /><testcase classname="tests.test_iteration2.TestStats" name="test_stats" time="0.119" /><testcase classname="tests.backend_test.TestApprovalFlow" name="test_staff_create_and_acharya_approve" time="0.208" /></testsuite></testsuites>