<?xml version="1.0" encoding="utf-8"?><testsuites name="pytest tests"><testsuite name="pytest" errors="0" failures="0" skipped="0" tests="21" time="4.958" timestamp="2026-07-15T17:31:27.673489+00:00" hostname="agent-env-44f297ec-69b5-441a-918e-6904675c208f"><testcase classname="tests.test_iteration3.TestAcharyaContent" name="test_acharya_creates_content" time="2.790" /><testcase classname="tests.test_iteration3.TestLiveSessionsAndWebinars" name="test_acharya_cannot_create_live_session" time="3.136" /><testcase classname="tests.test_iteration3.TestAcharyaContent" name="test_learner_cannot_create_content" time="0.130" /><testcase classname="tests.test_iteration3.TestAcharyaContent" name="test_learner_cannot_list_content" time="0.106" /><testcase classname="tests.test_iteration3.TestAcharyaContent" name="test_acharya_lists_own" time="0.154" /><testcase classname="tests.test_iteration3.TestLiveSessionsAndWebinars" name="test_staff_creates_live_session" time="0.241" /><testcase classname="tests.test_iteration3.TestAcharyaContent" name="test_staff_lists_all" time="0.106" /><testcase classname="tests.test_iteration3.TestAcharyaContent" name="test_staff_reviews_content" time="0.155" /><testcase classname="tests.test_iteration3.TestLiveSessionsAndWebinars" name="test_acharya_mine_sessions" time="0.147" /><testcase classname="tests.test_iteration3.TestCertificates" name="test_staff_grouped_view" time="0.175" /><testcase classname="tests.test_iteration3.TestLiveSessionsAndWebinars" name="test_staff_creates_webinar" time="0.151" /><testcase classname="tests.test_iteration3.TestCertificates" name="test_learner_cannot_grouped" time="0.118" /><testcase classname="tests.test_iteration3.TestLiveSessionsAndWebinars" name="test_acharya_cannot_create_webinar" time="0.119" /><testcase classname="tests.test_iteration3.TestCertificates" name="test_acharya_signed_by_me" time="0.111" /><testcase classname="tests.test_iteration3.TestDoubtsFlow" name="test_learner_creates_doubt" time="0.241" /><testcase classname="tests.test_iteration3.TestCertificates" name="test_staff_issues_cert_and_learner_sees_it" time="0.359" /><testcase classname="tests.test_iteration3.TestDoubtsFlow" name="test_acharya_cannot_answer_doubt" time="0.127" /><testcase classname="tests.test_iteration3.TestDoubtsFlow" name="test_staff_can_answer_doubt" time="0.128" /><testcase classname="tests.test_iteration3.TestCertificates" name="test_acharyas_endpoint" time="0.111" /><testcase classname="tests.test_iteration3.TestDoubtsFlow" name="test_learner_sees_answered_as_tredev_team" time="0.104" /><testcase classname="tests.test_iteration3.TestAuth" name="test_all_roles_login" time="0.000" /></testsuite></testsuites>