<?xml version="1.0" encoding="utf-8"?><testsuites name="pytest tests"><testsuite name="pytest" errors="0" failures="1" skipped="0" tests="34" time="6.727" timestamp="2026-07-15T16:12:41.562101+00:00" hostname="agent-env-44f297ec-69b5-441a-918e-6904675c208f"><testcase classname="tests.backend_test.TestRBAC" name="test_audit_log_requires_admin" time="0.491" /><testcase classname="tests.backend_test.TestAuth" name="test_all_seeded_logins" time="2.346"><failure message="AssertionError: staff got role academic_staff&#10;assert 'academic_staff' == 'staff'&#10;  &#10;  - staff&#10;  + academic_staff">backend/tests/backend_test.py:59: in test_all_seeded_logins
    assert info["user"]["role"] == expected, f"{role} got role {info['user']['role']}"
E   AssertionError: staff got role academic_staff
E   assert 'academic_staff' == 'staff'
E     
E     - staff
E     + academic_staff</failure></testcase><testcase classname="tests.backend_test.TestAuth" name="test_login_invalid" time="0.500" /><testcase classname="tests.backend_test.TestAuth" name="test_register_and_me" time="0.624" /><testcase classname="tests.backend_test.TestRBAC" name="test_audit_log_learner_forbidden" time="2.886" /><testcase classname="tests.backend_test.TestRBAC" name="test_audit_log_admin_ok" time="0.117" /><testcase classname="tests.backend_test.TestAuth" name="test_register_duplicate" time="0.157" /><testcase classname="tests.backend_test.TestRBAC" name="test_users_list_admin" time="0.107" /><testcase classname="tests.backend_test.TestRBAC" name="test_users_list_learner_forbidden" time="0.107" /><testcase classname="tests.backend_test.TestAuth" name="test_me_requires_auth" time="0.096" /><testcase classname="tests.backend_test.TestRBAC" name="test_admin_cannot_appoint_superadmin" time="0.113" /><testcase classname="tests.backend_test.TestOfferings" name="test_list_offerings" time="0.127" /><testcase classname="tests.backend_test.TestCalculators" name="test_panchang" time="0.111" /><testcase classname="tests.backend_test.TestOfferings" name="test_filter_by_type" time="0.111" /><testcase classname="tests.backend_test.TestCalculators" name="test_numerology" time="0.108" /><testcase classname="tests.backend_test.TestOfferings" name="test_filter_by_track" time="0.109" /><testcase classname="tests.backend_test.TestCalculators" name="test_kundli" time="0.113" /><testcase classname="tests.backend_test.TestOfferings" name="test_get_offering_with_acharya_and_verses" time="0.246" /><testcase classname="tests.backend_test.TestCalculators" name="test_transliteration" time="0.147" /><testcase classname="tests.backend_test.TestCertificates" name="test_verify_not_found" time="0.110" /><testcase classname="tests.backend_test.TestConsultation" name="test_reject_no_consent" time="0.149" /><testcase classname="tests.backend_test.TestCertificates" name="test_issue_and_verify" time="0.406" /><testcase classname="tests.backend_test.TestConsultation" name="test_submit_assigns_staff" time="0.129" /><testcase classname="tests.backend_test.TestConsultation" name="test_load_balancing_two_requests" time="0.108" /><testcase classname="tests.backend_test.TestVerses" name="test_list" time="0.101" /><testcase classname="tests.backend_test.TestCertificates" name="test_verify_public_no_auth" time="0.108" /><testcase classname="tests.backend_test.TestVerses" name="test_shloka_of_day" time="0.147" /><testcase classname="tests.backend_test.TestCommunity" name="test_list_public" time="0.110" /><testcase classname="tests.backend_test.TestLiveSessions" name="test_upcoming" time="0.124" /><testcase classname="tests.backend_test.TestCommunity" name="test_post_requires_auth" time="0.138" /><testcase classname="tests.backend_test.TestLiveSessions" name="test_join_mocked" time="0.295" /><testcase classname="tests.backend_test.TestCommunity" name="test_post_ok" time="0.152" /><testcase classname="tests.backend_test.TestApprovalFlow" name="test_staff_create_and_acharya_approve" time="0.282" /><testcase classname="tests.backend_test.TestSadhana" name="test_sadhana_flow" time="0.760" /></testsuite></testsuites>